2022-08-03 12:13:19 [scrapy.utils.log] INFO: Scrapy 2.6.2 started (bot: sc0)
2022-08-03 12:13:19 [scrapy.utils.log] INFO: Versions: lxml 4.9.1.0, libxml2 2.9.14, cssselect 1.1.0, parsel 1.6.0, w3lib 1.22.0, Twisted 22.4.0, Python 3.10.4 (main, Aug  3 2022, 09:22:51) [GCC 9.4.0], pyOpenSSL 22.0.0 (OpenSSL 3.0.5 5 Jul 2022), cryptography 37.0.4, Platform Linux-5.13.0-52-generic-x86_64-with-glibc2.31
2022-08-03 12:13:19 [scrapy.crawler] INFO: Overridden settings:
{'BOT_NAME': 'sc0',
 'FEED_EXPORT_ENCODING': 'utf-8',
 'LOG_FILE': 'logs/sc0/ensonhaber/82d5eb4e130c11edaca2d939977cda0a.log',
 'LOG_LEVEL': 'INFO',
 'NEWSPIDER_MODULE': 'sc0.spiders',
 'SPIDER_MODULES': ['sc0.spiders']}
2022-08-03 12:13:19 [scrapy.extensions.telnet] INFO: Telnet Password: dfd30a7a39d81a74
2022-08-03 12:13:19 [scrapy.middleware] INFO: Enabled extensions:
['scrapy.extensions.corestats.CoreStats',
 'scrapy.extensions.telnet.TelnetConsole',
 'scrapy.extensions.memusage.MemoryUsage',
 'scrapy.extensions.logstats.LogStats']
2022-08-03 12:13:20 [ensonhaber] INFO: Spider ensonhaber started
2022-08-03 12:13:20 [scrapy.middleware] INFO: Enabled downloader middlewares:
['scrapy.downloadermiddlewares.httpauth.HttpAuthMiddleware',
 'scrapy.downloadermiddlewares.downloadtimeout.DownloadTimeoutMiddleware',
 'scrapy.downloadermiddlewares.defaultheaders.DefaultHeadersMiddleware',
 'scrapy.downloadermiddlewares.useragent.UserAgentMiddleware',
 'scrapy.downloadermiddlewares.retry.RetryMiddleware',
 'scrapy.downloadermiddlewares.redirect.MetaRefreshMiddleware',
 'scrapy.downloadermiddlewares.httpcompression.HttpCompressionMiddleware',
 'scrapy.downloadermiddlewares.redirect.RedirectMiddleware',
 'scrapy.downloadermiddlewares.cookies.CookiesMiddleware',
 'scrapy.downloadermiddlewares.httpproxy.HttpProxyMiddleware',
 'scrapy.downloadermiddlewares.stats.DownloaderStats']
2022-08-03 12:13:20 [scrapy.middleware] INFO: Enabled spider middlewares:
['scrapy.spidermiddlewares.httperror.HttpErrorMiddleware',
 'scrapy.spidermiddlewares.offsite.OffsiteMiddleware',
 'scrapy.spidermiddlewares.referer.RefererMiddleware',
 'scrapy.spidermiddlewares.urllength.UrlLengthMiddleware',
 'scrapy.spidermiddlewares.depth.DepthMiddleware']
2022-08-03 12:13:20 [scrapy.middleware] INFO: Enabled item pipelines:
['sc0.pipelines.Sc0Pipeline']
2022-08-03 12:13:20 [scrapy.core.engine] INFO: Spider opened
2022-08-03 12:13:20 [scrapy.extensions.logstats] INFO: Crawled 0 pages (at 0 pages/min), scraped 0 items (at 0 items/min)
2022-08-03 12:13:20 [scrapy.extensions.telnet] INFO: Telnet console listening on 127.0.0.1:6024
2022-08-03 12:14:20 [scrapy.extensions.logstats] INFO: Crawled 1362 pages (at 1362 pages/min), scraped 679 items (at 679 items/min)
2022-08-03 12:15:20 [scrapy.extensions.logstats] INFO: Crawled 3262 pages (at 1900 pages/min), scraped 1626 items (at 947 items/min)
2022-08-03 12:15:32 [scrapy.crawler] INFO: Received SIGTERM, shutting down gracefully. Send again to force 
2022-08-03 12:15:32 [scrapy.core.engine] INFO: Closing spider (shutdown)
2022-08-03 12:15:34 [scrapy.statscollectors] INFO: Dumping Scrapy stats:
{'downloader/request_bytes': 1346100,
 'downloader/request_count': 3666,
 'downloader/request_method_count/GET': 3666,
 'downloader/response_bytes': 42919301,
 'downloader/response_count': 3666,
 'downloader/response_status_count/200': 3666,
 'elapsed_time_seconds': 133.46538,
 'finish_reason': 'shutdown',
 'finish_time': datetime.datetime(2022, 8, 3, 9, 15, 34, 249822),
 'httpcompression/response_bytes': 222161478,
 'httpcompression/response_count': 3666,
 'item_scraped_count': 1828,
 'log_count/INFO': 14,
 'memusage/max': 285057024,
 'memusage/startup': 285057024,
 'request_depth_max': 1,
 'response_received_count': 3666,
 'scheduler/dequeued': 3666,
 'scheduler/dequeued/memory': 3666,
 'scheduler/enqueued': 3676,
 'scheduler/enqueued/memory': 3676,
 'start_time': datetime.datetime(2022, 8, 3, 9, 13, 20, 784442)}
2022-08-03 12:15:34 [scrapy.core.engine] INFO: Spider closed (shutdown)
