2022-08-03 12:13:14 [scrapy.utils.log] INFO: Scrapy 2.6.2 started (bot: sc0)
2022-08-03 12:13:14 [scrapy.utils.log] INFO: Versions: lxml 4.9.1.0, libxml2 2.9.14, cssselect 1.1.0, parsel 1.6.0, w3lib 1.22.0, Twisted 22.4.0, Python 3.10.4 (main, Aug  3 2022, 09:22:51) [GCC 9.4.0], pyOpenSSL 22.0.0 (OpenSSL 3.0.5 5 Jul 2022), cryptography 37.0.4, Platform Linux-5.13.0-52-generic-x86_64-with-glibc2.31
2022-08-03 12:13:14 [scrapy.crawler] INFO: Overridden settings:
{'BOT_NAME': 'sc0',
 'FEED_EXPORT_ENCODING': 'utf-8',
 'LOG_FILE': 'logs/sc0/sozcu/7e8206a4130c11edaca2d939977cda0a.log',
 'LOG_LEVEL': 'INFO',
 'NEWSPIDER_MODULE': 'sc0.spiders',
 'SPIDER_MODULES': ['sc0.spiders']}
2022-08-03 12:13:14 [scrapy.extensions.telnet] INFO: Telnet Password: 23792b99541c5aa6
2022-08-03 12:13:14 [scrapy.middleware] INFO: Enabled extensions:
['scrapy.extensions.corestats.CoreStats',
 'scrapy.extensions.telnet.TelnetConsole',
 'scrapy.extensions.memusage.MemoryUsage',
 'scrapy.extensions.logstats.LogStats']
2022-08-03 12:13:15 [sozcu] INFO: Spider sozcu started
2022-08-03 12:13:15 [scrapy.middleware] INFO: Enabled downloader middlewares:
['scrapy.downloadermiddlewares.httpauth.HttpAuthMiddleware',
 'scrapy.downloadermiddlewares.downloadtimeout.DownloadTimeoutMiddleware',
 'scrapy.downloadermiddlewares.defaultheaders.DefaultHeadersMiddleware',
 'scrapy.downloadermiddlewares.useragent.UserAgentMiddleware',
 'scrapy.downloadermiddlewares.retry.RetryMiddleware',
 'scrapy.downloadermiddlewares.redirect.MetaRefreshMiddleware',
 'scrapy.downloadermiddlewares.httpcompression.HttpCompressionMiddleware',
 'scrapy.downloadermiddlewares.redirect.RedirectMiddleware',
 'scrapy.downloadermiddlewares.cookies.CookiesMiddleware',
 'scrapy.downloadermiddlewares.httpproxy.HttpProxyMiddleware',
 'scrapy.downloadermiddlewares.stats.DownloaderStats']
2022-08-03 12:13:15 [scrapy.middleware] INFO: Enabled spider middlewares:
['scrapy.spidermiddlewares.httperror.HttpErrorMiddleware',
 'scrapy.spidermiddlewares.offsite.OffsiteMiddleware',
 'scrapy.spidermiddlewares.referer.RefererMiddleware',
 'scrapy.spidermiddlewares.urllength.UrlLengthMiddleware',
 'scrapy.spidermiddlewares.depth.DepthMiddleware']
2022-08-03 12:13:15 [scrapy.middleware] INFO: Enabled item pipelines:
['sc0.pipelines.Sc0Pipeline']
2022-08-03 12:13:15 [scrapy.core.engine] INFO: Spider opened
2022-08-03 12:13:15 [scrapy.extensions.logstats] INFO: Crawled 0 pages (at 0 pages/min), scraped 0 items (at 0 items/min)
2022-08-03 12:13:15 [scrapy.extensions.telnet] INFO: Telnet console listening on 127.0.0.1:6023
2022-08-03 12:13:15 [scrapy.spidermiddlewares.httperror] INFO: Ignoring response <400 https://www.sozcu.com.tr/2019/gundem/anayasa-mahkemesi-baskani-arslan-hakim-ve-savcilar-baski-ve-tesiri-kayitsiz-s%cc%a7artsiz-reddederler-4565280/>: HTTP status code is not handled or not allowed
2022-08-03 12:13:15 [scrapy.spidermiddlewares.httperror] INFO: Ignoring response <400 https://www.sozcu.com.tr/hayatim/kultur-sanat-haberleri/i%cc%87ki-ars%cc%a7iv-bir-sec%cc%a7ki-ara-gu%cc%88lerin-i%cc%87zinde-i%cc%87stanbul/>: HTTP status code is not handled or not allowed
2022-08-03 12:13:15 [scrapy.spidermiddlewares.httperror] INFO: Ignoring response <400 https://www.sozcu.com.tr/2019/gundem/%e2%80%8bbakan-akar-ve-komutanlardan-sinirda-kritik-denetleme-2-5422179/>: HTTP status code is not handled or not allowed
2022-08-03 12:13:15 [scrapy.spidermiddlewares.httperror] INFO: Ignoring response <410 https://www.sozcu.com.tr/2015/gundem/hurriyete-saldiran-akpli-vekile-odul-933546/>: HTTP status code is not handled or not allowed
2022-08-03 12:13:15 [scrapy.spidermiddlewares.httperror] INFO: Ignoring response <410 https://www.sozcu.com.tr/2022/gundem/yegenini-cop-evde-rehin-tutan-teyze-kamuran-pinar-acar-tutuklandi-7269570/>: HTTP status code is not handled or not allowed
2022-08-03 12:13:15 [scrapy.spidermiddlewares.httperror] INFO: Ignoring response <410 https://www.sozcu.com.tr/2022/gundem/bursada-cem-muhammeti-cop-evde-alikoyan-teyzesinin-ifadesi-ortaya-cikti-7270804/>: HTTP status code is not handled or not allowed
2022-08-03 12:13:15 [scrapy.spidermiddlewares.httperror] INFO: Ignoring response <410 https://www.sozcu.com.tr/2021/gundem/cinsel-taciz-ve-santaj-davasindan-beraat-eden-chp-bitlis-il-baskani-gorevine-ara-verdigini-acikladi-6366294/>: HTTP status code is not handled or not allowed
2022-08-03 12:14:15 [scrapy.extensions.logstats] INFO: Crawled 1562 pages (at 1562 pages/min), scraped 769 items (at 769 items/min)
2022-08-03 12:15:15 [scrapy.extensions.logstats] INFO: Crawled 3099 pages (at 1537 pages/min), scraped 1538 items (at 769 items/min)
2022-08-03 12:15:27 [scrapy.crawler] INFO: Received SIGTERM, shutting down gracefully. Send again to force 
2022-08-03 12:15:27 [scrapy.core.engine] INFO: Closing spider (shutdown)
2022-08-03 12:15:28 [scrapy.statscollectors] INFO: Dumping Scrapy stats:
{'downloader/request_bytes': 1169440,
 'downloader/request_count': 3384,
 'downloader/request_method_count/GET': 3384,
 'downloader/response_bytes': 112981752,
 'downloader/response_count': 3384,
 'downloader/response_status_count/200': 3370,
 'downloader/response_status_count/301': 5,
 'downloader/response_status_count/302': 2,
 'downloader/response_status_count/400': 3,
 'downloader/response_status_count/410': 4,
 'elapsed_time_seconds': 133.677773,
 'finish_reason': 'shutdown',
 'finish_time': datetime.datetime(2022, 8, 3, 9, 15, 28, 866975),
 'httpcompression/response_bytes': 523877878,
 'httpcompression/response_count': 3369,
 'httperror/response_ignored_count': 7,
 'httperror/response_ignored_status_count/400': 3,
 'httperror/response_ignored_status_count/410': 4,
 'item_scraped_count': 1677,
 'log_count/INFO': 21,
 'memusage/max': 187248640,
 'memusage/startup': 187248640,
 'request_depth_max': 1,
 'response_received_count': 3377,
 'scheduler/dequeued': 3384,
 'scheduler/dequeued/memory': 3384,
 'scheduler/enqueued': 3395,
 'scheduler/enqueued/memory': 3395,
 'start_time': datetime.datetime(2022, 8, 3, 9, 13, 15, 189202)}
2022-08-03 12:15:28 [scrapy.core.engine] INFO: Spider closed (shutdown)
