2022-08-03 12:21:28 [scrapy.utils.log] INFO: Scrapy 2.6.2 started (bot: sc0)
2022-08-03 12:21:28 [scrapy.utils.log] INFO: Versions: lxml 4.9.1.0, libxml2 2.9.14, cssselect 1.1.0, parsel 1.6.0, w3lib 1.22.0, Twisted 22.4.0, Python 3.10.4 (main, Aug  3 2022, 09:22:51) [GCC 9.4.0], pyOpenSSL 22.0.0 (OpenSSL 3.0.5 5 Jul 2022), cryptography 37.0.4, Platform Linux-5.13.0-52-generic-x86_64-with-glibc2.31
2022-08-03 12:21:28 [scrapy.crawler] INFO: Overridden settings:
{'BOT_NAME': 'sc0',
 'FEED_EXPORT_ENCODING': 'utf-8',
 'LOG_FILE': 'logs/sc0/sozcu/a4fb5078130d11edaca2d939977cda0a.log',
 'LOG_LEVEL': 'INFO',
 'NEWSPIDER_MODULE': 'sc0.spiders',
 'SPIDER_MODULES': ['sc0.spiders']}
2022-08-03 12:21:28 [scrapy.extensions.telnet] INFO: Telnet Password: 2a831e0b69dc9a8d
2022-08-03 12:21:28 [scrapy.middleware] INFO: Enabled extensions:
['scrapy.extensions.corestats.CoreStats',
 'scrapy.extensions.telnet.TelnetConsole',
 'scrapy.extensions.memusage.MemoryUsage',
 'scrapy.extensions.logstats.LogStats']
2022-08-03 12:21:29 [sozcu] INFO: Spider sozcu started
2022-08-03 12:21:29 [scrapy.middleware] INFO: Enabled downloader middlewares:
['scrapy.downloadermiddlewares.httpauth.HttpAuthMiddleware',
 'scrapy.downloadermiddlewares.downloadtimeout.DownloadTimeoutMiddleware',
 'scrapy.downloadermiddlewares.defaultheaders.DefaultHeadersMiddleware',
 'scrapy.downloadermiddlewares.useragent.UserAgentMiddleware',
 'scrapy.downloadermiddlewares.retry.RetryMiddleware',
 'scrapy.downloadermiddlewares.redirect.MetaRefreshMiddleware',
 'scrapy.downloadermiddlewares.httpcompression.HttpCompressionMiddleware',
 'scrapy.downloadermiddlewares.redirect.RedirectMiddleware',
 'scrapy.downloadermiddlewares.cookies.CookiesMiddleware',
 'scrapy.downloadermiddlewares.httpproxy.HttpProxyMiddleware',
 'scrapy.downloadermiddlewares.stats.DownloaderStats']
2022-08-03 12:21:29 [scrapy.middleware] INFO: Enabled spider middlewares:
['scrapy.spidermiddlewares.httperror.HttpErrorMiddleware',
 'scrapy.spidermiddlewares.offsite.OffsiteMiddleware',
 'scrapy.spidermiddlewares.referer.RefererMiddleware',
 'scrapy.spidermiddlewares.urllength.UrlLengthMiddleware',
 'scrapy.spidermiddlewares.depth.DepthMiddleware']
2022-08-03 12:21:29 [scrapy.middleware] INFO: Enabled item pipelines:
['sc0.pipelines.Sc0Pipeline']
2022-08-03 12:21:29 [scrapy.core.engine] INFO: Spider opened
2022-08-03 12:21:29 [scrapy.extensions.logstats] INFO: Crawled 0 pages (at 0 pages/min), scraped 0 items (at 0 items/min)
2022-08-03 12:21:29 [scrapy.extensions.telnet] INFO: Telnet console listening on 127.0.0.1:6024
2022-08-03 12:21:29 [scrapy.spidermiddlewares.httperror] INFO: Ignoring response <400 https://www.sozcu.com.tr/2019/gundem/%e2%80%8bbakan-akar-ve-komutanlardan-sinirda-kritik-denetleme-2-5422179/>: HTTP status code is not handled or not allowed
2022-08-03 12:21:29 [scrapy.spidermiddlewares.httperror] INFO: Ignoring response <400 https://www.sozcu.com.tr/hayatim/kultur-sanat-haberleri/i%cc%87ki-ars%cc%a7iv-bir-sec%cc%a7ki-ara-gu%cc%88lerin-i%cc%87zinde-i%cc%87stanbul/>: HTTP status code is not handled or not allowed
2022-08-03 12:21:29 [scrapy.spidermiddlewares.httperror] INFO: Ignoring response <400 https://www.sozcu.com.tr/2019/gundem/anayasa-mahkemesi-baskani-arslan-hakim-ve-savcilar-baski-ve-tesiri-kayitsiz-s%cc%a7artsiz-reddederler-4565280/>: HTTP status code is not handled or not allowed
2022-08-03 12:21:29 [scrapy.spidermiddlewares.httperror] INFO: Ignoring response <410 https://www.sozcu.com.tr/2022/gundem/bursada-cem-muhammeti-cop-evde-alikoyan-teyzesinin-ifadesi-ortaya-cikti-7270804/>: HTTP status code is not handled or not allowed
2022-08-03 12:21:29 [scrapy.spidermiddlewares.httperror] INFO: Ignoring response <410 https://www.sozcu.com.tr/2015/gundem/hurriyete-saldiran-akpli-vekile-odul-933546/>: HTTP status code is not handled or not allowed
2022-08-03 12:21:29 [scrapy.spidermiddlewares.httperror] INFO: Ignoring response <410 https://www.sozcu.com.tr/2022/gundem/yegenini-cop-evde-rehin-tutan-teyze-kamuran-pinar-acar-tutuklandi-7269570/>: HTTP status code is not handled or not allowed
2022-08-03 12:21:30 [scrapy.spidermiddlewares.httperror] INFO: Ignoring response <410 https://www.sozcu.com.tr/2021/gundem/cinsel-taciz-ve-santaj-davasindan-beraat-eden-chp-bitlis-il-baskani-gorevine-ara-verdigini-acikladi-6366294/>: HTTP status code is not handled or not allowed
2022-08-03 12:22:29 [scrapy.extensions.logstats] INFO: Crawled 1576 pages (at 1576 pages/min), scraped 777 items (at 777 items/min)
2022-08-03 12:23:29 [scrapy.extensions.logstats] INFO: Crawled 3006 pages (at 1430 pages/min), scraped 1489 items (at 712 items/min)
2022-08-03 12:24:29 [scrapy.extensions.logstats] INFO: Crawled 4451 pages (at 1445 pages/min), scraped 2213 items (at 724 items/min)
2022-08-03 12:25:29 [scrapy.extensions.logstats] INFO: Crawled 5731 pages (at 1280 pages/min), scraped 2854 items (at 641 items/min)
2022-08-03 12:26:29 [scrapy.extensions.logstats] INFO: Crawled 7020 pages (at 1289 pages/min), scraped 3500 items (at 646 items/min)
2022-08-03 12:27:29 [scrapy.extensions.logstats] INFO: Crawled 8481 pages (at 1461 pages/min), scraped 4229 items (at 729 items/min)
2022-08-03 12:28:29 [scrapy.extensions.logstats] INFO: Crawled 9779 pages (at 1298 pages/min), scraped 4878 items (at 649 items/min)
2022-08-03 12:29:29 [scrapy.extensions.logstats] INFO: Crawled 11175 pages (at 1396 pages/min), scraped 5575 items (at 697 items/min)
2022-08-03 12:30:29 [scrapy.extensions.logstats] INFO: Crawled 12737 pages (at 1562 pages/min), scraped 6356 items (at 781 items/min)
2022-08-03 12:31:29 [scrapy.extensions.logstats] INFO: Crawled 14143 pages (at 1406 pages/min), scraped 7056 items (at 700 items/min)
2022-08-03 12:32:29 [scrapy.extensions.logstats] INFO: Crawled 15749 pages (at 1606 pages/min), scraped 7861 items (at 805 items/min)
2022-08-03 12:33:29 [scrapy.extensions.logstats] INFO: Crawled 17175 pages (at 1426 pages/min), scraped 8572 items (at 711 items/min)
2022-08-03 12:34:29 [scrapy.extensions.logstats] INFO: Crawled 18454 pages (at 1279 pages/min), scraped 9211 items (at 639 items/min)
2022-08-03 12:35:12 [scrapy.spidermiddlewares.httperror] INFO: Ignoring response <410 https://www.sozcu.com.tr/2022/yazarlar/cigdem-toker/ayni-ihaleyi-2-katina-gizlice-tekrarladilar-7176627/>: HTTP status code is not handled or not allowed
2022-08-03 12:35:29 [scrapy.extensions.logstats] INFO: Crawled 19733 pages (at 1279 pages/min), scraped 9851 items (at 640 items/min)
2022-08-03 12:36:29 [scrapy.extensions.logstats] INFO: Crawled 20879 pages (at 1146 pages/min), scraped 10423 items (at 572 items/min)
2022-08-03 12:37:29 [scrapy.extensions.logstats] INFO: Crawled 22215 pages (at 1336 pages/min), scraped 11091 items (at 668 items/min)
2022-08-03 12:37:51 [scrapy.downloadermiddlewares.retry] ERROR: Gave up retrying <GET https://www.sozcu.com.tr/2019/gundem/son-dakika-istanbul-valiligi-acikladi-3-ayda-5-bin-945-suriyeli-5397026/> (failed 3 times): 504 Gateway Time-out
2022-08-03 12:37:51 [scrapy.spidermiddlewares.httperror] INFO: Ignoring response <504 https://www.sozcu.com.tr/2019/gundem/son-dakika-istanbul-valiligi-acikladi-3-ayda-5-bin-945-suriyeli-5397026/>: HTTP status code is not handled or not allowed
2022-08-03 12:38:29 [scrapy.extensions.logstats] INFO: Crawled 23275 pages (at 1060 pages/min), scraped 11624 items (at 533 items/min)
2022-08-03 12:39:29 [scrapy.extensions.logstats] INFO: Crawled 24485 pages (at 1210 pages/min), scraped 12226 items (at 602 items/min)
2022-08-03 12:40:14 [scrapy.spidermiddlewares.httperror] INFO: Ignoring response <400 https://www.sozcu.com.tr/hayatim/magazin-haberleri/ozkan-ugurdan-iddialara-yanit-maalesef-beni-gene-o%cc%88ldu%cc%88rdu%cc%88ler/>: HTTP status code is not handled or not allowed
2022-08-03 12:40:29 [scrapy.extensions.logstats] INFO: Crawled 25706 pages (at 1221 pages/min), scraped 12835 items (at 609 items/min)
2022-08-03 12:40:32 [scrapy.downloadermiddlewares.retry] ERROR: Gave up retrying <GET https://www.sozcu.com.tr/2019/gundem/heykelin-kaldirmasina-gokcekten-ilk-yorum-4455429/> (failed 3 times): 504 Gateway Time-out
2022-08-03 12:40:32 [scrapy.spidermiddlewares.httperror] INFO: Ignoring response <504 https://www.sozcu.com.tr/2019/gundem/heykelin-kaldirmasina-gokcekten-ilk-yorum-4455429/>: HTTP status code is not handled or not allowed
2022-08-03 12:41:29 [scrapy.extensions.logstats] INFO: Crawled 27052 pages (at 1346 pages/min), scraped 13509 items (at 674 items/min)
2022-08-03 12:42:29 [scrapy.extensions.logstats] INFO: Crawled 28398 pages (at 1346 pages/min), scraped 14185 items (at 676 items/min)
2022-08-03 12:43:29 [scrapy.extensions.logstats] INFO: Crawled 29711 pages (at 1313 pages/min), scraped 14841 items (at 656 items/min)
2022-08-03 12:44:25 [scrapy.spidermiddlewares.httperror] INFO: Ignoring response <404 https://www.sozcu.com.tr/100-dolar-ne-kadar/>: HTTP status code is not handled or not allowed
2022-08-03 12:44:29 [scrapy.extensions.logstats] INFO: Crawled 31149 pages (at 1438 pages/min), scraped 15560 items (at 719 items/min)
2022-08-03 12:44:51 [scrapy.spidermiddlewares.httperror] INFO: Ignoring response <400 https://www.sozcu.com.tr/2019/gundem/1230-hadi-ipucu-sorusu-ve-cevabi-turkiyede-okul-cag%cc%86ina-gelen-cocuklarin-yuzde-kaci-eg%cc%86itim-alamamaktadir-4441541/>: HTTP status code is not handled or not allowed
2022-08-03 12:45:29 [scrapy.extensions.logstats] INFO: Crawled 32726 pages (at 1577 pages/min), scraped 16345 items (at 785 items/min)
2022-08-03 12:46:29 [scrapy.extensions.logstats] INFO: Crawled 34047 pages (at 1321 pages/min), scraped 17004 items (at 659 items/min)
2022-08-03 12:47:06 [scrapy.spidermiddlewares.httperror] INFO: Ignoring response <410 https://www.sozcu.com.tr/2013/yasam/uyusturucu-cetesine-buyuk-darbe-383539/>: HTTP status code is not handled or not allowed
2022-08-03 12:47:29 [scrapy.extensions.logstats] INFO: Crawled 35377 pages (at 1330 pages/min), scraped 17670 items (at 666 items/min)
2022-08-03 12:48:29 [scrapy.extensions.logstats] INFO: Crawled 36919 pages (at 1542 pages/min), scraped 18441 items (at 771 items/min)
2022-08-03 12:49:29 [scrapy.extensions.logstats] INFO: Crawled 38216 pages (at 1297 pages/min), scraped 19088 items (at 647 items/min)
2022-08-03 12:50:08 [scrapy.spidermiddlewares.httperror] INFO: Ignoring response <410 https://www.sozcu.com.tr/hayatim/magazin-haberleri/oyuncu-metin-yildiz-ile-sevgilisi-gozde-kayra-karakolluk-oldu/>: HTTP status code is not handled or not allowed
2022-08-03 12:50:29 [scrapy.extensions.logstats] INFO: Crawled 39789 pages (at 1573 pages/min), scraped 19875 items (at 787 items/min)
2022-08-03 12:51:29 [scrapy.extensions.logstats] INFO: Crawled 41177 pages (at 1388 pages/min), scraped 20567 items (at 692 items/min)
2022-08-03 12:52:27 [scrapy.downloadermiddlewares.retry] ERROR: Gave up retrying <GET https://www.sozcu.com.tr/2019/gunun-icinden/ali-ozkan-kimdir-4032650/> (failed 3 times): 504 Gateway Time-out
2022-08-03 12:52:27 [scrapy.spidermiddlewares.httperror] INFO: Ignoring response <504 https://www.sozcu.com.tr/2019/gunun-icinden/ali-ozkan-kimdir-4032650/>: HTTP status code is not handled or not allowed
2022-08-03 12:52:29 [scrapy.extensions.logstats] INFO: Crawled 42370 pages (at 1193 pages/min), scraped 21165 items (at 598 items/min)
2022-08-03 12:53:29 [scrapy.extensions.logstats] INFO: Crawled 43946 pages (at 1576 pages/min), scraped 21952 items (at 787 items/min)
2022-08-03 12:54:29 [scrapy.extensions.logstats] INFO: Crawled 45338 pages (at 1392 pages/min), scraped 22649 items (at 697 items/min)
2022-08-03 12:55:29 [scrapy.extensions.logstats] INFO: Crawled 46762 pages (at 1424 pages/min), scraped 23360 items (at 711 items/min)
2022-08-03 12:56:29 [scrapy.extensions.logstats] INFO: Crawled 47837 pages (at 1075 pages/min), scraped 23899 items (at 539 items/min)
2022-08-03 12:57:29 [scrapy.extensions.logstats] INFO: Crawled 49325 pages (at 1488 pages/min), scraped 24642 items (at 743 items/min)
2022-08-03 12:58:29 [scrapy.extensions.logstats] INFO: Crawled 50638 pages (at 1313 pages/min), scraped 25298 items (at 656 items/min)
2022-08-03 12:59:29 [scrapy.extensions.logstats] INFO: Crawled 51706 pages (at 1068 pages/min), scraped 25833 items (at 535 items/min)
2022-08-03 13:00:29 [scrapy.extensions.logstats] INFO: Crawled 52749 pages (at 1043 pages/min), scraped 26353 items (at 520 items/min)
2022-08-03 13:01:29 [scrapy.extensions.logstats] INFO: Crawled 53873 pages (at 1124 pages/min), scraped 26917 items (at 564 items/min)
2022-08-03 13:02:14 [scrapy.downloadermiddlewares.retry] ERROR: Gave up retrying <GET https://www.sozcu.com.tr/hayatim/magazin-haberleri/aylin-kontenteden-esprili-ekmek-videosu/> (failed 3 times): 504 Gateway Time-out
2022-08-03 13:02:14 [scrapy.spidermiddlewares.httperror] INFO: Ignoring response <504 https://www.sozcu.com.tr/hayatim/magazin-haberleri/aylin-kontenteden-esprili-ekmek-videosu/>: HTTP status code is not handled or not allowed
2022-08-03 13:02:29 [scrapy.extensions.logstats] INFO: Crawled 54809 pages (at 936 pages/min), scraped 27384 items (at 467 items/min)
2022-08-03 13:03:29 [scrapy.extensions.logstats] INFO: Crawled 55815 pages (at 1006 pages/min), scraped 27888 items (at 504 items/min)
2022-08-03 13:04:29 [scrapy.extensions.logstats] INFO: Crawled 56806 pages (at 991 pages/min), scraped 28384 items (at 496 items/min)
2022-08-03 13:05:29 [scrapy.extensions.logstats] INFO: Crawled 57563 pages (at 757 pages/min), scraped 28760 items (at 376 items/min)
2022-08-03 13:06:29 [scrapy.extensions.logstats] INFO: Crawled 58212 pages (at 649 pages/min), scraped 29086 items (at 326 items/min)
2022-08-03 13:07:29 [scrapy.extensions.logstats] INFO: Crawled 58888 pages (at 676 pages/min), scraped 29425 items (at 339 items/min)
2022-08-03 13:08:29 [scrapy.extensions.logstats] INFO: Crawled 59382 pages (at 494 pages/min), scraped 29669 items (at 244 items/min)
2022-08-03 13:09:29 [scrapy.extensions.logstats] INFO: Crawled 60021 pages (at 639 pages/min), scraped 29989 items (at 320 items/min)
2022-08-03 13:10:29 [scrapy.extensions.logstats] INFO: Crawled 60620 pages (at 599 pages/min), scraped 30289 items (at 300 items/min)
2022-08-03 13:11:29 [scrapy.extensions.logstats] INFO: Crawled 61181 pages (at 561 pages/min), scraped 30570 items (at 281 items/min)
2022-08-03 13:12:29 [scrapy.extensions.logstats] INFO: Crawled 61833 pages (at 652 pages/min), scraped 30894 items (at 324 items/min)
2022-08-03 13:13:29 [scrapy.extensions.logstats] INFO: Crawled 62395 pages (at 562 pages/min), scraped 31178 items (at 284 items/min)
2022-08-03 13:14:29 [scrapy.extensions.logstats] INFO: Crawled 62986 pages (at 591 pages/min), scraped 31473 items (at 295 items/min)
2022-08-03 13:15:29 [scrapy.extensions.logstats] INFO: Crawled 63521 pages (at 535 pages/min), scraped 31740 items (at 267 items/min)
2022-08-03 13:16:29 [scrapy.extensions.logstats] INFO: Crawled 64664 pages (at 1143 pages/min), scraped 32312 items (at 572 items/min)
2022-08-03 13:17:29 [scrapy.extensions.logstats] INFO: Crawled 65894 pages (at 1230 pages/min), scraped 32926 items (at 614 items/min)
2022-08-03 13:18:29 [scrapy.extensions.logstats] INFO: Crawled 66936 pages (at 1042 pages/min), scraped 33447 items (at 521 items/min)
2022-08-03 13:19:17 [scrapy.downloadermiddlewares.retry] ERROR: Gave up retrying <GET https://www.sozcu.com.tr/2020/gundem/9-saat-boyunca-elektrikler-kesik-olacak-iste-bedas-elektrik-kesintisi-programi-5689373/> (failed 3 times): 504 Gateway Time-out
2022-08-03 13:19:18 [scrapy.spidermiddlewares.httperror] INFO: Ignoring response <504 https://www.sozcu.com.tr/2020/gundem/9-saat-boyunca-elektrikler-kesik-olacak-iste-bedas-elektrik-kesintisi-programi-5689373/>: HTTP status code is not handled or not allowed
2022-08-03 13:19:29 [scrapy.extensions.logstats] INFO: Crawled 67935 pages (at 999 pages/min), scraped 33944 items (at 497 items/min)
2022-08-03 13:20:29 [scrapy.extensions.logstats] INFO: Crawled 69236 pages (at 1301 pages/min), scraped 34594 items (at 650 items/min)
2022-08-03 13:21:29 [scrapy.extensions.logstats] INFO: Crawled 70432 pages (at 1196 pages/min), scraped 35192 items (at 598 items/min)
2022-08-03 13:22:29 [scrapy.extensions.logstats] INFO: Crawled 71530 pages (at 1098 pages/min), scraped 35742 items (at 550 items/min)
2022-08-03 13:23:29 [scrapy.extensions.logstats] INFO: Crawled 72652 pages (at 1122 pages/min), scraped 36304 items (at 562 items/min)
2022-08-03 13:23:44 [scrapy.spidermiddlewares.httperror] INFO: Ignoring response <400 https://www.sozcu.com.tr/2019/gundem/bakan-akar-f-35-projesi-dis%cc%a7inda-birakilmamiz-halinde-bas%cc%a7ka-arayis%cc%a7lara-girecegiz-5504435/>: HTTP status code is not handled or not allowed
2022-08-03 13:24:29 [scrapy.extensions.logstats] INFO: Crawled 74020 pages (at 1368 pages/min), scraped 36986 items (at 682 items/min)
2022-08-03 13:25:29 [scrapy.extensions.logstats] INFO: Crawled 75031 pages (at 1011 pages/min), scraped 37493 items (at 507 items/min)
2022-08-03 13:26:29 [scrapy.extensions.logstats] INFO: Crawled 76170 pages (at 1139 pages/min), scraped 38058 items (at 565 items/min)
2022-08-03 13:27:29 [scrapy.extensions.logstats] INFO: Crawled 77454 pages (at 1284 pages/min), scraped 38704 items (at 646 items/min)
2022-08-03 13:27:41 [scrapy.spidermiddlewares.httperror] INFO: Ignoring response <400 https://www.sozcu.com.tr/2019/yazarlar/deniz-zeyrek/51-gunluk-kayyum-bilancosu-%e2%9c%943-milyar-300-milyon-yeni-borc-%e2%9c%94-1-milyar-700-milyon-harcama-%e2%9c%94-2-bin-500-yeni-istihdam-5217896/>: HTTP status code is not handled or not allowed
2022-08-03 13:28:29 [scrapy.extensions.logstats] INFO: Crawled 78918 pages (at 1464 pages/min), scraped 39434 items (at 730 items/min)
2022-08-03 13:29:29 [scrapy.extensions.logstats] INFO: Crawled 80465 pages (at 1547 pages/min), scraped 40206 items (at 772 items/min)
2022-08-03 13:30:29 [scrapy.extensions.logstats] INFO: Crawled 81976 pages (at 1511 pages/min), scraped 40963 items (at 757 items/min)
2022-08-03 13:31:29 [scrapy.extensions.logstats] INFO: Crawled 83378 pages (at 1402 pages/min), scraped 41662 items (at 699 items/min)
2022-08-03 13:32:29 [scrapy.extensions.logstats] INFO: Crawled 84497 pages (at 1119 pages/min), scraped 42222 items (at 560 items/min)
2022-08-03 13:32:47 [scrapy.downloadermiddlewares.retry] ERROR: Gave up retrying <GET https://www.sozcu.com.tr/2019/ekonomi/lenovo-futbol-kulubu-inter-ile-global-teknoloji-ortakligi-baslatti-5215883/> (failed 3 times): 504 Gateway Time-out
2022-08-03 13:32:47 [scrapy.spidermiddlewares.httperror] INFO: Ignoring response <504 https://www.sozcu.com.tr/2019/ekonomi/lenovo-futbol-kulubu-inter-ile-global-teknoloji-ortakligi-baslatti-5215883/>: HTTP status code is not handled or not allowed
2022-08-03 13:33:29 [scrapy.extensions.logstats] INFO: Crawled 85883 pages (at 1386 pages/min), scraped 42916 items (at 694 items/min)
2022-08-03 13:34:29 [scrapy.extensions.logstats] INFO: Crawled 87246 pages (at 1363 pages/min), scraped 43598 items (at 682 items/min)
2022-08-03 13:35:29 [scrapy.extensions.logstats] INFO: Crawled 88737 pages (at 1491 pages/min), scraped 44343 items (at 745 items/min)
2022-08-03 13:36:29 [scrapy.extensions.logstats] INFO: Crawled 89729 pages (at 992 pages/min), scraped 44841 items (at 498 items/min)
2022-08-03 13:36:30 [scrapy.downloadermiddlewares.retry] ERROR: Gave up retrying <GET https://www.sozcu.com.tr/2019/dunya/idlibde-pazar-yerine-saldiri-10-olu-4295507/> (failed 3 times): 504 Gateway Time-out
2022-08-03 13:36:30 [scrapy.spidermiddlewares.httperror] INFO: Ignoring response <504 https://www.sozcu.com.tr/2019/dunya/idlibde-pazar-yerine-saldiri-10-olu-4295507/>: HTTP status code is not handled or not allowed
2022-08-03 13:37:24 [scrapy.downloadermiddlewares.retry] ERROR: Gave up retrying <GET https://www.sozcu.com.tr/hayatim/magazin-haberleri/norm-ender-calinti-iddialarina-gulben-ergen-uzerinden-yanit-verdi/> (failed 3 times): 504 Gateway Time-out
2022-08-03 13:37:24 [scrapy.spidermiddlewares.httperror] INFO: Ignoring response <504 https://www.sozcu.com.tr/hayatim/magazin-haberleri/norm-ender-calinti-iddialarina-gulben-ergen-uzerinden-yanit-verdi/>: HTTP status code is not handled or not allowed
2022-08-03 13:37:29 [scrapy.extensions.logstats] INFO: Crawled 90878 pages (at 1149 pages/min), scraped 45414 items (at 573 items/min)
2022-08-03 13:38:30 [scrapy.extensions.logstats] INFO: Crawled 92060 pages (at 1182 pages/min), scraped 46000 items (at 586 items/min)
2022-08-03 13:39:29 [scrapy.extensions.logstats] INFO: Crawled 93284 pages (at 1224 pages/min), scraped 46615 items (at 615 items/min)
2022-08-03 13:40:29 [scrapy.extensions.logstats] INFO: Crawled 94649 pages (at 1365 pages/min), scraped 47300 items (at 685 items/min)
2022-08-03 13:41:29 [scrapy.extensions.logstats] INFO: Crawled 96099 pages (at 1450 pages/min), scraped 48025 items (at 725 items/min)
2022-08-03 13:42:29 [scrapy.extensions.logstats] INFO: Crawled 97442 pages (at 1343 pages/min), scraped 48696 items (at 671 items/min)
2022-08-03 13:43:29 [scrapy.extensions.logstats] INFO: Crawled 98907 pages (at 1465 pages/min), scraped 49426 items (at 730 items/min)
2022-08-03 13:43:51 [scrapy.spidermiddlewares.httperror] INFO: Ignoring response <400 https://www.sozcu.com.tr/hayatim/magazin-haberleri/%ef%bb%bf%ef%bb%bfcemile-canyurt-kimdir-cemile-cigdem-canyurt-hakkinda-merak-edilenler/>: HTTP status code is not handled or not allowed
2022-08-03 13:44:29 [scrapy.extensions.logstats] INFO: Crawled 100334 pages (at 1427 pages/min), scraped 50136 items (at 710 items/min)
2022-08-03 13:45:29 [scrapy.extensions.logstats] INFO: Crawled 101785 pages (at 1451 pages/min), scraped 50864 items (at 728 items/min)
2022-08-03 13:45:45 [scrapy.spidermiddlewares.httperror] INFO: Ignoring response <400 https://www.sozcu.com.tr/2019/gundem/2-nisan-hadi-ipucu-sorusu-ve-cevabi-belli-oldu-toplum-gonu%cc%88llu%cc%88leri-vakfinin-tog-slogani-nedir-4260759/>: HTTP status code is not handled or not allowed
2022-08-03 13:46:29 [scrapy.extensions.logstats] INFO: Crawled 103200 pages (at 1415 pages/min), scraped 51571 items (at 707 items/min)
2022-08-03 13:47:29 [scrapy.extensions.logstats] INFO: Crawled 104191 pages (at 991 pages/min), scraped 52070 items (at 499 items/min)
2022-08-03 13:48:29 [scrapy.extensions.logstats] INFO: Crawled 105552 pages (at 1361 pages/min), scraped 52744 items (at 674 items/min)
2022-08-03 13:49:29 [scrapy.extensions.logstats] INFO: Crawled 106786 pages (at 1234 pages/min), scraped 53366 items (at 622 items/min)
2022-08-03 13:50:29 [scrapy.extensions.logstats] INFO: Crawled 107643 pages (at 857 pages/min), scraped 53794 items (at 428 items/min)
2022-08-03 13:51:29 [scrapy.extensions.logstats] INFO: Crawled 108871 pages (at 1228 pages/min), scraped 54409 items (at 615 items/min)
2022-08-03 13:52:12 [scrapy.spidermiddlewares.httperror] INFO: Ignoring response <410 https://www.sozcu.com.tr/2016/gundem/besiktasta-balikcida-kadinlara-toplu-dayak-1125684/>: HTTP status code is not handled or not allowed
2022-08-03 13:52:29 [scrapy.extensions.logstats] INFO: Crawled 110260 pages (at 1389 pages/min), scraped 55102 items (at 693 items/min)
2022-08-03 13:53:29 [scrapy.extensions.logstats] INFO: Crawled 111614 pages (at 1354 pages/min), scraped 55777 items (at 675 items/min)
2022-08-03 13:54:29 [scrapy.extensions.logstats] INFO: Crawled 112963 pages (at 1349 pages/min), scraped 56452 items (at 675 items/min)
2022-08-03 13:55:29 [scrapy.extensions.logstats] INFO: Crawled 114359 pages (at 1396 pages/min), scraped 57149 items (at 697 items/min)
2022-08-03 13:56:29 [scrapy.extensions.logstats] INFO: Crawled 115695 pages (at 1336 pages/min), scraped 57820 items (at 671 items/min)
2022-08-03 13:57:09 [scrapy.downloadermiddlewares.retry] ERROR: Gave up retrying <GET https://www.sozcu.com.tr/2019/dunya/soguk-savasin-sembol-noktasiyla-ilgili-carpici-karar-bundan-boyle-yasak-5432205/> (failed 3 times): 504 Gateway Time-out
2022-08-03 13:57:09 [scrapy.spidermiddlewares.httperror] INFO: Ignoring response <504 https://www.sozcu.com.tr/2019/dunya/soguk-savasin-sembol-noktasiyla-ilgili-carpici-karar-bundan-boyle-yasak-5432205/>: HTTP status code is not handled or not allowed
2022-08-03 13:57:29 [scrapy.extensions.logstats] INFO: Crawled 116737 pages (at 1042 pages/min), scraped 58340 items (at 520 items/min)
2022-08-03 13:58:29 [scrapy.extensions.logstats] INFO: Crawled 118078 pages (at 1341 pages/min), scraped 59011 items (at 671 items/min)
2022-08-03 13:58:47 [scrapy.downloadermiddlewares.retry] ERROR: Gave up retrying <GET https://www.sozcu.com.tr/2020/yazarlar/serpil-yilmaz/rona-yircali-darbe-degil-dayanisma-konusalim-5798122/> (failed 3 times): 504 Gateway Time-out
2022-08-03 13:58:47 [scrapy.spidermiddlewares.httperror] INFO: Ignoring response <504 https://www.sozcu.com.tr/2020/yazarlar/serpil-yilmaz/rona-yircali-darbe-degil-dayanisma-konusalim-5798122/>: HTTP status code is not handled or not allowed
2022-08-03 13:59:05 [scrapy.downloadermiddlewares.retry] ERROR: Gave up retrying <GET https://www.sozcu.com.tr/2022/dunya/cavusoglundan-nato-cikisi-muhtiraya-uymazlarsa-7230643/> (failed 3 times): 504 Gateway Time-out
2022-08-03 13:59:05 [scrapy.spidermiddlewares.httperror] INFO: Ignoring response <504 https://www.sozcu.com.tr/2022/dunya/cavusoglundan-nato-cikisi-muhtiraya-uymazlarsa-7230643/>: HTTP status code is not handled or not allowed
2022-08-03 13:59:29 [scrapy.extensions.logstats] INFO: Crawled 119033 pages (at 955 pages/min), scraped 59486 items (at 475 items/min)
2022-08-03 14:00:13 [scrapy.downloadermiddlewares.retry] ERROR: Gave up retrying <GET https://www.sozcu.com.tr/spor/futbol/fenerbahce-dinamo-kiev-maci-oncesi-sakatlardan-iyi-haber-aldi-7230939/> (failed 3 times): 504 Gateway Time-out
2022-08-03 14:00:13 [scrapy.spidermiddlewares.httperror] INFO: Ignoring response <504 https://www.sozcu.com.tr/spor/futbol/fenerbahce-dinamo-kiev-maci-oncesi-sakatlardan-iyi-haber-aldi-7230939/>: HTTP status code is not handled or not allowed
2022-08-03 14:00:29 [scrapy.extensions.logstats] INFO: Crawled 119976 pages (at 943 pages/min), scraped 59959 items (at 473 items/min)
2022-08-03 14:01:07 [scrapy.downloadermiddlewares.retry] ERROR: Gave up retrying <GET https://www.sozcu.com.tr/2020/gundem/corona-tedbirlerine-uymayanlara-20-milyon-lira-ceza-5798023/> (failed 3 times): 504 Gateway Time-out
2022-08-03 14:01:07 [scrapy.spidermiddlewares.httperror] INFO: Ignoring response <504 https://www.sozcu.com.tr/2020/gundem/corona-tedbirlerine-uymayanlara-20-milyon-lira-ceza-5798023/>: HTTP status code is not handled or not allowed
2022-08-03 14:01:29 [scrapy.extensions.logstats] INFO: Crawled 121006 pages (at 1030 pages/min), scraped 60474 items (at 515 items/min)
2022-08-03 14:02:29 [scrapy.extensions.logstats] INFO: Crawled 122005 pages (at 999 pages/min), scraped 60973 items (at 499 items/min)
2022-08-03 14:03:29 [scrapy.extensions.logstats] INFO: Crawled 123138 pages (at 1133 pages/min), scraped 61539 items (at 566 items/min)
2022-08-03 14:04:29 [scrapy.extensions.logstats] INFO: Crawled 124429 pages (at 1291 pages/min), scraped 62184 items (at 645 items/min)
2022-08-03 14:05:29 [scrapy.extensions.logstats] INFO: Crawled 125705 pages (at 1276 pages/min), scraped 62823 items (at 639 items/min)
2022-08-03 14:06:29 [scrapy.extensions.logstats] INFO: Crawled 127206 pages (at 1501 pages/min), scraped 63572 items (at 749 items/min)
2022-08-03 14:07:29 [scrapy.extensions.logstats] INFO: Crawled 128755 pages (at 1549 pages/min), scraped 64346 items (at 774 items/min)
2022-08-03 14:08:29 [scrapy.extensions.logstats] INFO: Crawled 130209 pages (at 1454 pages/min), scraped 65074 items (at 728 items/min)
2022-08-03 14:09:29 [scrapy.extensions.logstats] INFO: Crawled 131795 pages (at 1586 pages/min), scraped 65866 items (at 792 items/min)
